[debug] [2024-03-01T13:58:31.229Z] ----------------------------------------------------------------------
[debug] [2024-03-01T13:58:31.233Z] Command:       C:\Program Files\nodejs\node.exe C:\Users\Student\AppData\Roaming\npm\node_modules\firebase-tools\lib\bin\firebase.js init hosting
[debug] [2024-03-01T13:58:31.234Z] CLI Version:   13.4.0
[debug] [2024-03-01T13:58:31.234Z] Platform:      win32
[debug] [2024-03-01T13:58:31.235Z] Node Version:  v20.10.0
[debug] [2024-03-01T13:58:31.235Z] Time:          Fri Mar 01 2024 15:58:31 GMT+0200 (South Africa Standard Time)
[debug] [2024-03-01T13:58:31.235Z] ----------------------------------------------------------------------
[debug] 
[debug] [2024-03-01T13:58:31.245Z] > command requires scopes: ["email","openid","https://www.googleapis.com/auth/cloudplatformprojects.readonly","https://www.googleapis.com/auth/firebase","https://www.googleapis.com/auth/cloud-platform"]
[debug] [2024-03-01T13:58:31.246Z] > authorizing via signed-in user (aakeefahj@gmail.com)
[info] 
     ######## #### ########  ######## ########     ###     ######  ########
     ##        ##  ##     ## ##       ##     ##  ##   ##  ##       ##
     ######    ##  ########  ######   ########  #########  ######  ######
     ##        ##  ##    ##  ##       ##     ## ##     ##       ## ##
     ##       #### ##     ## ######## ########  ##     ##  ######  ########

You're about to initialize a Firebase project in this directory:

  C:\Users\Student\Documents\vue_workshop\nodefrontend

[info] 
=== Project Setup
[info] 
[info] First, let's associate this project directory with a Firebase project.
[info] You can create multiple project aliases by running firebase use --add, 
[info] but for now we'll just set up a default project.
[info] 
[debug] [2024-03-01T13:58:35.748Z] >>> [apiv2][query] GET https://firebase.googleapis.com/v1beta1/projects pageSize=100
[debug] [2024-03-01T13:58:36.650Z] <<< [apiv2][status] GET https://firebase.googleapis.com/v1beta1/projects 200
[debug] [2024-03-01T13:58:36.651Z] <<< [apiv2][body] GET https://firebase.googleapis.com/v1beta1/projects [omitted]
[info] i  Using project node-js-1e045 (node-js) 
[info] 
=== Hosting Setup
[debug] [2024-03-01T13:58:37.523Z] >>> [apiv2][query] GET https://firebase.googleapis.com/v1beta1/projects/node-js-1e045 [none]
[debug] [2024-03-01T13:58:38.012Z] <<< [apiv2][status] GET https://firebase.googleapis.com/v1beta1/projects/node-js-1e045 200
[debug] [2024-03-01T13:58:38.013Z] <<< [apiv2][body] GET https://firebase.googleapis.com/v1beta1/projects/node-js-1e045 {"projectId":"node-js-1e045","projectNumber":"3117808624","displayName":"node-js","name":"projects/node-js-1e045","resources":{"hostingSite":"node-js-1e045"},"state":"ACTIVE","etag":"1_7c2df333-2599-447b-85cf-42b458cd3f55"}
[info] 
[info] Your public directory is the folder (relative to your project directory) that
[info] will contain Hosting assets to be uploaded with firebase deploy. If you
[info] have a build process for your assets, use your build's output directory.
[info] 
[debug] [2024-03-01T13:59:18.701Z] >>> [apiv2][query] GET https://www.gstatic.com/firebasejs/releases.json [none]
[debug] [2024-03-01T13:59:18.978Z] <<< [apiv2][status] GET https://www.gstatic.com/firebasejs/releases.json 200
[debug] [2024-03-01T13:59:18.978Z] <<< [apiv2][body] GET https://www.gstatic.com/firebasejs/releases.json {"current":{"version":"10.8.1","browserURL":"https://www.gstatic.com/firebasejs/10.8.1/firebase.js","packageURL":"https://www.gstatic.com/firebasejs/10.8.1/firebase.tgz"},"live":{"version":"10.8","browserURL":"https://www.gstatic.com/firebasejs/live/10.8/firebase.js","packageURL":"https://www.gstatic.com/firebasejs/live/10.8/firebase.tgz"},"components":{"analytics":"https://www.gstatic.com/firebasejs/10.8.1/firebase-analytics.js","app":"https://www.gstatic.com/firebasejs/10.8.1/firebase-app.js","app-check":"https://www.gstatic.com/firebasejs/10.8.1/firebase-app-check.js","auth":"https://www.gstatic.com/firebasejs/10.8.1/firebase-auth.js","auth/cordova":"https://www.gstatic.com/firebasejs/10.8.1/firebase-auth/cordova.js","auth/web-extension":"https://www.gstatic.com/firebasejs/10.8.1/firebase-auth/web-extension.js","functions":"https://www.gstatic.com/firebasejs/10.8.1/firebase-functions.js","firestore":"https://www.gstatic.com/firebasejs/10.8.1/firebase-firestore.js","firestore/lite":"https://www.gstatic.com/firebasejs/10.8.1/firebase-firestore/lite.js","installations":"https://www.gstatic.com/firebasejs/10.8.1/firebase-installations.js","storage":"https://www.gstatic.com/firebasejs/10.8.1/firebase-storage.js","performance":"https://www.gstatic.com/firebasejs/10.8.1/firebase-performance.js","remote-config":"https://www.gstatic.com/firebasejs/10.8.1/firebase-remote-config.js","messaging":"https://www.gstatic.com/firebasejs/10.8.1/firebase-messaging.js","messaging/sw":"https://www.gstatic.com/firebasejs/10.8.1/firebase-messaging/sw.js","database":"https://www.gstatic.com/firebasejs/10.8.1/firebase-database.js","firestore.memory":"https://www.gstatic.com/firebasejs/10.8.1/firebase-firestore.memory.js"}}
[info] +  Wrote dist/index.html 
[info] 
[info] i  Detected a .git folder at C:\Users\Student\Documents\vue_workshop\nodefrontend 
[info] i  Authorizing with GitHub to upload your service account to a GitHub repository's secrets store. 
[info] 
[info] Visit this URL on this device to log in:
[info] https://github.com/login/oauth/authorize?client_id=89cf50f02ac6aaed3484&state=552670621&redirect_uri=http%3A%2F%2Flocalhost%3A9005&scope=read%3Auser%20repo%20public_repo
[info] 
[info] Waiting for authentication...
[debug] [2024-03-01T13:59:19.920Z] >>> [apiv2][query] POST https://github.com/login/oauth/access_token [none]
[debug] [2024-03-01T13:59:19.920Z] >>> [apiv2][body] POST https://github.com/login/oauth/access_token [stream]
[debug] [2024-03-01T13:59:20.351Z] <<< [apiv2][status] POST https://github.com/login/oauth/access_token 200
[debug] [2024-03-01T13:59:20.351Z] <<< [apiv2][body] POST https://github.com/login/oauth/access_token {"access_token":"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","token_type":"bearer","scope":"read:user,repo"}
[debug] [2024-03-01T13:59:20.367Z] >>> [apiv2][query] GET https://api.github.com/user [none]
[debug] [2024-03-01T13:59:20.858Z] <<< [apiv2][status] GET https://api.github.com/user 200
[debug] [2024-03-01T13:59:20.858Z] <<< [apiv2][body] GET https://api.github.com/user {"login":"keeefles","id":146762898,"node_id":"U_kgDOCL9skg","avatar_url":"https://avatars.githubusercontent.com/u/146762898?v=4","gravatar_id":"","url":"https://api.github.com/users/keeefles","html_url":"https://github.com/keeefles","followers_url":"https://api.github.com/users/keeefles/followers","following_url":"https://api.github.com/users/keeefles/following{/other_user}","gists_url":"https://api.github.com/users/keeefles/gists{/gist_id}","starred_url":"https://api.github.com/users/keeefles/starred{/owner}{/repo}","subscriptions_url":"https://api.github.com/users/keeefles/subscriptions","organizations_url":"https://api.github.com/users/keeefles/orgs","repos_url":"https://api.github.com/users/keeefles/repos","events_url":"https://api.github.com/users/keeefles/events{/privacy}","received_events_url":"https://api.github.com/users/keeefles/received_events","type":"User","site_admin":false,"name":"Aakeefah Jones","company":null,"blog":"","location":null,"email":null,"hireable":null,"bio":null,"twitter_username":null,"public_repos":60,"public_gists":0,"followers":1,"following":0,"created_at":"2023-10-02T17:07:24Z","updated_at":"2024-02-23T17:56:37Z","private_gists":0,"total_private_repos":17,"owned_private_repos":17,"disk_usage":18164,"collaborators":0,"two_factor_authentication":false,"plan":{"name":"free","space":976562499,"collaborators":0,"private_repos":10000}}
[info] 
[info] +  Success! Logged into GitHub as keeefles 
[info] 
[debug] [2024-03-01T14:01:19.953Z] >>> [apiv2][query] GET https://api.github.com/repos/keeefles/nodeJSEOMP/actions/secrets/public-key type=owner
[debug] [2024-03-01T14:01:20.334Z] <<< [apiv2][status] GET https://api.github.com/repos/keeefles/nodeJSEOMP/actions/secrets/public-key 404
[debug] [2024-03-01T14:01:20.334Z] <<< [apiv2][body] GET https://api.github.com/repos/keeefles/nodeJSEOMP/actions/secrets/public-key {"message":"Not Found","documentation_url":"https://docs.github.com/rest/actions/secrets#get-a-repository-public-key"}
[info] 
[info] 
[error] !  The provided authorization cannot be used with this repository. If this repository is in an organization, did you remember to grant access? 
[info] 
[info] i  Action required: Visit this URL to ensure access has been granted to the appropriate organization(s) for the Firebase CLI GitHub OAuth App: 
[info] https://github.com/settings/connections/applications/89cf50f02ac6aaed3484
[info] 
[debug] [2024-03-01T14:01:25.235Z] >>> [apiv2][query] GET https://api.github.com/repos/keeefles/nodeJSEOMP/actions/secrets/public-key type=owner
[debug] [2024-03-01T14:01:25.553Z] <<< [apiv2][status] GET https://api.github.com/repos/keeefles/nodeJSEOMP/actions/secrets/public-key 404
[debug] [2024-03-01T14:01:25.554Z] <<< [apiv2][body] GET https://api.github.com/repos/keeefles/nodeJSEOMP/actions/secrets/public-key {"message":"Not Found","documentation_url":"https://docs.github.com/rest/actions/secrets#get-a-repository-public-key"}
[info] 
[info] 
[error] !  The provided authorization cannot be used with this repository. If this repository is in an organization, did you remember to grant access? 
[info] 
[info] i  Action required: Visit this URL to ensure access has been granted to the appropriate organization(s) for the Firebase CLI GitHub OAuth App: 
[info] https://github.com/settings/connections/applications/89cf50f02ac6aaed3484
[info] 
[debug] [2024-03-01T14:01:30.554Z] >>> [apiv2][query] GET https://api.github.com/repos/keeefles/nodeJSEOMP/actions/secrets/public-key type=owner
[debug] [2024-03-01T14:01:30.860Z] <<< [apiv2][status] GET https://api.github.com/repos/keeefles/nodeJSEOMP/actions/secrets/public-key 404
[debug] [2024-03-01T14:01:30.861Z] <<< [apiv2][body] GET https://api.github.com/repos/keeefles/nodeJSEOMP/actions/secrets/public-key {"message":"Not Found","documentation_url":"https://docs.github.com/rest/actions/secrets#get-a-repository-public-key"}
[info] 
[info] 
[error] !  The provided authorization cannot be used with this repository. If this repository is in an organization, did you remember to grant access? 
[info] 
[info] i  Action required: Visit this URL to ensure access has been granted to the appropriate organization(s) for the Firebase CLI GitHub OAuth App: 
[info] https://github.com/settings/connections/applications/89cf50f02ac6aaed3484
[info] 
[debug] [2024-03-01T14:01:33.981Z] >>> [apiv2][query] GET https://api.github.com/repos/keeefles/nodeJSEOMP/actions/secrets/public-key type=owner
[debug] [2024-03-01T14:01:34.389Z] <<< [apiv2][status] GET https://api.github.com/repos/keeefles/nodeJSEOMP/actions/secrets/public-key 404
[debug] [2024-03-01T14:01:34.390Z] <<< [apiv2][body] GET https://api.github.com/repos/keeefles/nodeJSEOMP/actions/secrets/public-key {"message":"Not Found","documentation_url":"https://docs.github.com/rest/actions/secrets#get-a-repository-public-key"}
[info] 
[info] 
[error] !  The provided authorization cannot be used with this repository. If this repository is in an organization, did you remember to grant access? 
[info] 
[info] i  Action required: Visit this URL to ensure access has been granted to the appropriate organization(s) for the Firebase CLI GitHub OAuth App: 
[info] https://github.com/settings/connections/applications/89cf50f02ac6aaed3484
[info] 
[debug] [2024-03-01T14:01:34.413Z] >>> [apiv2][query] GET https://api.github.com/repos/keeefles/nodeJSEOMP/actions/secrets/public-key type=owner
[debug] [2024-03-01T14:01:34.726Z] <<< [apiv2][status] GET https://api.github.com/repos/keeefles/nodeJSEOMP/actions/secrets/public-key 404
[debug] [2024-03-01T14:01:34.726Z] <<< [apiv2][body] GET https://api.github.com/repos/keeefles/nodeJSEOMP/actions/secrets/public-key {"message":"Not Found","documentation_url":"https://docs.github.com/rest/actions/secrets#get-a-repository-public-key"}
[info] 
[info] 
[error] !  The provided authorization cannot be used with this repository. If this repository is in an organization, did you remember to grant access? 
[info] 
[info] i  Action required: Visit this URL to ensure access has been granted to the appropriate organization(s) for the Firebase CLI GitHub OAuth App: 
[info] https://github.com/settings/connections/applications/89cf50f02ac6aaed3484
[info] 
[debug] [2024-03-01T14:01:34.788Z] >>> [apiv2][query] GET https://api.github.com/repos/keeefles/nodeJSEOMP/actions/secrets/public-key type=owner
[debug] [2024-03-01T14:01:34.969Z] >>> [apiv2][query] GET https://api.github.com/repos//actions/secrets/public-key type=owner
[debug] [2024-03-01T14:01:35.159Z] >>> [apiv2][query] GET https://api.github.com/repos//actions/secrets/public-key type=owner
[debug] [2024-03-01T14:01:35.191Z] <<< [apiv2][status] GET https://api.github.com/repos/keeefles/nodeJSEOMP/actions/secrets/public-key 404
[debug] [2024-03-01T14:01:35.191Z] <<< [apiv2][body] GET https://api.github.com/repos/keeefles/nodeJSEOMP/actions/secrets/public-key {"message":"Not Found","documentation_url":"https://docs.github.com/rest/actions/secrets#get-a-repository-public-key"}
[info] 
[info] 
[error] !  The provided authorization cannot be used with this repository. If this repository is in an organization, did you remember to grant access? 
[info] 
[info] i  Action required: Visit this URL to ensure access has been granted to the appropriate organization(s) for the Firebase CLI GitHub OAuth App: 
[info] https://github.com/settings/connections/applications/89cf50f02ac6aaed3484
[info] 
[debug] [2024-03-01T14:01:35.392Z] >>> [apiv2][query] GET https://api.github.com/repos/keeefles/nodeJSEOMP/actions/secrets/public-key type=owner
[debug] [2024-03-01T14:01:35.496Z] <<< [apiv2][status] GET https://api.github.com/repos//actions/secrets/public-key 404
[debug] [2024-03-01T14:01:35.496Z] <<< [apiv2][body] GET https://api.github.com/repos//actions/secrets/public-key {"message":"Not Found","documentation_url":"https://docs.github.com/rest"}
[info] 
[info] 
[error] !  The provided authorization cannot be used with this repository. If this repository is in an organization, did you remember to grant access? 
[info] 
[info] i  Action required: Visit this URL to ensure access has been granted to the appropriate organization(s) for the Firebase CLI GitHub OAuth App: 
[info] https://github.com/settings/connections/applications/89cf50f02ac6aaed3484
[info] 
[debug] [2024-03-01T14:01:35.570Z] <<< [apiv2][status] GET https://api.github.com/repos//actions/secrets/public-key 404
[debug] [2024-03-01T14:01:35.570Z] <<< [apiv2][body] GET https://api.github.com/repos//actions/secrets/public-key {"message":"Not Found","documentation_url":"https://docs.github.com/rest"}
[info] 
[info] 
[error] !  The provided authorization cannot be used with this repository. If this repository is in an organization, did you remember to grant access? 
[info] 
[info] i  Action required: Visit this URL to ensure access has been granted to the appropriate organization(s) for the Firebase CLI GitHub OAuth App: 
[info] https://github.com/settings/connections/applications/89cf50f02ac6aaed3484
[info] 
[debug] [2024-03-01T14:01:35.690Z] <<< [apiv2][status] GET https://api.github.com/repos/keeefles/nodeJSEOMP/actions/secrets/public-key 404
[debug] [2024-03-01T14:01:35.690Z] <<< [apiv2][body] GET https://api.github.com/repos/keeefles/nodeJSEOMP/actions/secrets/public-key {"message":"Not Found","documentation_url":"https://docs.github.com/rest/actions/secrets#get-a-repository-public-key"}
[info] 
[info] 
[error] !  The provided authorization cannot be used with this repository. If this repository is in an organization, did you remember to grant access? 
[info] 
[info] i  Action required: Visit this URL to ensure access has been granted to the appropriate organization(s) for the Firebase CLI GitHub OAuth App: 
[info] https://github.com/settings/connections/applications/89cf50f02ac6aaed3484
[info] 
[debug] [2024-03-01T14:03:03.269Z] >>> [apiv2][query] GET https://api.github.com/repos/keeefles/nodeJSEOMP/actions/secrets/public-key type=owner
[debug] [2024-03-01T14:03:03.645Z] <<< [apiv2][status] GET https://api.github.com/repos/keeefles/nodeJSEOMP/actions/secrets/public-key 404
[debug] [2024-03-01T14:03:03.645Z] <<< [apiv2][body] GET https://api.github.com/repos/keeefles/nodeJSEOMP/actions/secrets/public-key {"message":"Not Found","documentation_url":"https://docs.github.com/rest/actions/secrets#get-a-repository-public-key"}
[info] 
[info] 
[error] !  The provided authorization cannot be used with this repository. If this repository is in an organization, did you remember to grant access? 
[info] 
[info] i  Action required: Visit this URL to ensure access has been granted to the appropriate organization(s) for the Firebase CLI GitHub OAuth App: 
[info] https://github.com/settings/connections/applications/89cf50f02ac6aaed3484
[info] 
